  main.cpp
d:\users\sidney\documents\cg_assignment\opengl assignment\program6\main.cpp(82): warning C4305: 'argument': truncation from 'double' to 'GLfloat'
d:\users\sidney\documents\cg_assignment\opengl assignment\program6\main.cpp(83): warning C4305: 'argument': truncation from 'double' to 'GLfloat'
d:\users\sidney\documents\cg_assignment\opengl assignment\program6\main.cpp(84): warning C4305: 'argument': truncation from 'double' to 'GLfloat'
d:\users\sidney\documents\cg_assignment\opengl assignment\program6\main.cpp(85): warning C4305: 'argument': truncation from 'double' to 'GLfloat'
d:\users\sidney\documents\cg_assignment\opengl assignment\program6\main.cpp(88): warning C4305: 'argument': truncation from 'double' to 'GLfloat'
d:\users\sidney\documents\cg_assignment\opengl assignment\program6\main.cpp(89): warning C4305: 'argument': truncation from 'double' to 'GLfloat'
d:\users\sidney\documents\cg_assignment\opengl assignment\program6\main.cpp(90): warning C4305: 'argument': truncation from 'double' to 'GLfloat'
d:\users\sidney\documents\cg_assignment\opengl assignment\program6\main.cpp(91): warning C4305: 'argument': truncation from 'double' to 'GLfloat'
d:\users\sidney\documents\cg_assignment\opengl assignment\program6\main.cpp(94): warning C4305: 'argument': truncation from 'double' to 'GLfloat'
d:\users\sidney\documents\cg_assignment\opengl assignment\program6\main.cpp(95): warning C4305: 'argument': truncation from 'double' to 'GLfloat'
d:\users\sidney\documents\cg_assignment\opengl assignment\program6\main.cpp(96): warning C4305: 'argument': truncation from 'double' to 'GLfloat'
d:\users\sidney\documents\cg_assignment\opengl assignment\program6\main.cpp(97): warning C4305: 'argument': truncation from 'double' to 'GLfloat'
d:\users\sidney\documents\cg_assignment\opengl assignment\program6\main.cpp(100): warning C4305: 'argument': truncation from 'double' to 'GLfloat'
d:\users\sidney\documents\cg_assignment\opengl assignment\program6\main.cpp(101): warning C4305: 'argument': truncation from 'double' to 'GLfloat'
d:\users\sidney\documents\cg_assignment\opengl assignment\program6\main.cpp(102): warning C4305: 'argument': truncation from 'double' to 'GLfloat'
d:\users\sidney\documents\cg_assignment\opengl assignment\program6\main.cpp(103): warning C4305: 'argument': truncation from 'double' to 'GLfloat'
d:\users\sidney\documents\cg_assignment\opengl assignment\program6\main.cpp(126): warning C4305: '+=': truncation from 'double' to 'float'
d:\users\sidney\documents\cg_assignment\opengl assignment\program6\main.cpp(128): warning C4305: '-=': truncation from 'double' to 'float'
d:\users\sidney\documents\cg_assignment\opengl assignment\program6\main.cpp(135): warning C4305: '+=': truncation from 'double' to 'float'
d:\users\sidney\documents\cg_assignment\opengl assignment\program6\main.cpp(137): warning C4305: '+=': truncation from 'double' to 'float'
  glsl.cpp
d:\users\sidney\documents\cg_assignment\opengl assignment\program6\glsl.cpp(8): warning C4996: 'fopen': This function or variable may be unsafe. Consider using fopen_s instead. To disable deprecation, use _CRT_SECURE_NO_WARNINGS. See online help for details.
  c:\program files (x86)\windows kits\10\include\10.0.10240.0\ucrt\stdio.h(205): note: see declaration of 'fopen'
  Generating Code...
  Program6.vcxproj -> D:\Users\Sidney\Documents\CG_Assignment\OpenGL Assignment\Debug\Program6.exe
  Program6.vcxproj -> D:\Users\Sidney\Documents\CG_Assignment\OpenGL Assignment\Debug\Program6.pdb (Full PDB)
