  main.cpp
d:\users\sidney\documents\cg_assignment\deze doen we\program6\main.cpp(88): warning C4305: 'argument': truncation from 'double' to 'GLfloat'
d:\users\sidney\documents\cg_assignment\deze doen we\program6\main.cpp(89): warning C4305: 'argument': truncation from 'double' to 'GLfloat'
d:\users\sidney\documents\cg_assignment\deze doen we\program6\main.cpp(90): warning C4305: 'argument': truncation from 'double' to 'GLfloat'
d:\users\sidney\documents\cg_assignment\deze doen we\program6\main.cpp(91): warning C4305: 'argument': truncation from 'double' to 'GLfloat'
d:\users\sidney\documents\cg_assignment\deze doen we\program6\main.cpp(94): warning C4305: 'argument': truncation from 'double' to 'GLfloat'
d:\users\sidney\documents\cg_assignment\deze doen we\program6\main.cpp(95): warning C4305: 'argument': truncation from 'double' to 'GLfloat'
d:\users\sidney\documents\cg_assignment\deze doen we\program6\main.cpp(96): warning C4305: 'argument': truncation from 'double' to 'GLfloat'
d:\users\sidney\documents\cg_assignment\deze doen we\program6\main.cpp(97): warning C4305: 'argument': truncation from 'double' to 'GLfloat'
d:\users\sidney\documents\cg_assignment\deze doen we\program6\main.cpp(100): warning C4305: 'argument': truncation from 'double' to 'GLfloat'
d:\users\sidney\documents\cg_assignment\deze doen we\program6\main.cpp(101): warning C4305: 'argument': truncation from 'double' to 'GLfloat'
d:\users\sidney\documents\cg_assignment\deze doen we\program6\main.cpp(102): warning C4305: 'argument': truncation from 'double' to 'GLfloat'
d:\users\sidney\documents\cg_assignment\deze doen we\program6\main.cpp(103): warning C4305: 'argument': truncation from 'double' to 'GLfloat'
d:\users\sidney\documents\cg_assignment\deze doen we\program6\main.cpp(106): warning C4305: 'argument': truncation from 'double' to 'GLfloat'
d:\users\sidney\documents\cg_assignment\deze doen we\program6\main.cpp(107): warning C4305: 'argument': truncation from 'double' to 'GLfloat'
d:\users\sidney\documents\cg_assignment\deze doen we\program6\main.cpp(108): warning C4305: 'argument': truncation from 'double' to 'GLfloat'
d:\users\sidney\documents\cg_assignment\deze doen we\program6\main.cpp(109): warning C4305: 'argument': truncation from 'double' to 'GLfloat'
d:\users\sidney\documents\cg_assignment\deze doen we\program6\main.cpp(132): warning C4305: '+=': truncation from 'double' to 'float'
d:\users\sidney\documents\cg_assignment\deze doen we\program6\main.cpp(134): warning C4305: '-=': truncation from 'double' to 'float'
d:\users\sidney\documents\cg_assignment\deze doen we\program6\main.cpp(140): warning C4305: '+=': truncation from 'double' to 'float'
d:\users\sidney\documents\cg_assignment\deze doen we\program6\main.cpp(142): warning C4305: '-=': truncation from 'double' to 'float'
  Program6.vcxproj -> D:\Users\Sidney\Documents\CG_Assignment\Deze doen we\Debug\Program6.exe
  Program6.vcxproj -> D:\Users\Sidney\Documents\CG_Assignment\Deze doen we\Debug\Program6.pdb (Full PDB)
